<?xml version="1.0" encoding="UTF-8"?>
<testsuite name="com.tr.tests.CreateTeam" tests="1" skipped="0" failures="0" errors="0" timestamp="2019-05-20T14:06:13" hostname="MONTY" time="25.59">
  <properties/>
  <testcase name="teamCreationFromHeaderTest" classname="com.tr.tests.CreateTeam" time="25.59"/>
  <system-out><![CDATA[]]></system-out>
  <system-err><![CDATA[]]></system-err>
</testsuite>
