<?xml version="1.0" encoding="UTF-8"?>
<testsuite name="com.tr.tests.CreateBoard" tests="3" skipped="0" failures="0" errors="0" timestamp="2019-06-07T06:11:40" hostname="MONTY" time="85.87">
  <properties/>
  <testcase name="boardCreationTest[0](com.tr.model.Board@46ed07bc)" classname="com.tr.tests.CreateBoard" time="29.076"/>
  <testcase name="boardCreationTest[1](com.tr.model.Board@5239ad49)" classname="com.tr.tests.CreateBoard" time="28.386"/>
  <testcase name="boardCreationTest[2](com.tr.model.Board@22009d44)" classname="com.tr.tests.CreateBoard" time="28.374"/>
  <system-out><![CDATA[35    -   34
36    -   35
37    -   36
]]></system-out>
  <system-err><![CDATA[]]></system-err>
</testsuite>
